<?xml version="1.0" encoding="UTF-8"?>
<!-- Generated by org.testng.reporters.JUnitReportReporter -->
<testsuite hostname="DESKTOP-74AA2QA" failures="0" tests="1" name="com.jenkinsproject.jenkinclass18" time="0.016" errors="0" timestamp="2023-11-29T15:33:20 IST" skipped="0">
  <testcase classname="com.jenkinsproject.jenkinclass18" name="test" time="0.016"/>
  <system-out/>
</testsuite> <!-- com.jenkinsproject.jenkinclass18 -->
